[1.711s] DEBUG:colcon:Command line arguments: ['/usr/bin/colcon', 'build', '--symlink-install']
[1.711s] DEBUG:colcon:Parsed command line arguments: Namespace(allow_overriding=[], ament_cmake_args=None, base_paths=['.'], build_base='build', catkin_cmake_args=None, catkin_skip_building_tests=False, cmake_args=None, cmake_clean_cache=False, cmake_clean_first=False, cmake_force_configure=False, cmake_target=None, cmake_target_skip_unavailable=False, continue_on_error=False, event_handlers=None, executor='parallel', ignore_user_meta=False, install_base='install', log_base=None, log_level=None, main=<bound method BuildVerb.main of <colcon_core.verb.build.BuildVerb object at 0x7ff64afa6ee0>>, merge_install=False, metas=['./colcon.meta'], packages_above=None, packages_above_and_dependencies=None, packages_above_depth=None, packages_end=None, packages_ignore=None, packages_ignore_regex=None, packages_select=None, packages_select_build_failed=False, packages_select_by_dep=None, packages_select_regex=None, packages_select_test_failures=False, packages_skip=None, packages_skip_build_finished=False, packages_skip_by_dep=None, packages_skip_regex=None, packages_skip_test_passed=False, packages_skip_up_to=None, packages_start=None, packages_up_to=None, packages_up_to_regex=None, parallel_workers=4, paths=None, symlink_install=True, test_result_base=None, verb_extension=<colcon_core.verb.build.BuildVerb object at 0x7ff64afa6ee0>, verb_name='build', verb_parser=<colcon_defaults.argument_parser.defaults.DefaultArgumentsDecorator object at 0x7ff64ac1dd00>)
[1.828s] Level 1:colcon.colcon_core.package_discovery:discover_packages(colcon_meta) check parameters
[1.829s] Level 1:colcon.colcon_core.package_discovery:discover_packages(recursive) check parameters
[1.829s] Level 1:colcon.colcon_core.package_discovery:discover_packages(ignore) check parameters
[1.829s] Level 1:colcon.colcon_core.package_discovery:discover_packages(path) check parameters
[1.829s] Level 1:colcon.colcon_core.package_discovery:discover_packages(colcon_meta) discover
[1.829s] Level 1:colcon.colcon_core.package_discovery:discover_packages(recursive) discover
[1.829s] INFO:colcon.colcon_core.package_discovery:Crawling recursively for packages in '/home/ane/colcon_ws/src/automated_planning'
[1.829s] Level 1:colcon.colcon_core.package_identification:_identify(.) by extensions ['ignore', 'ignore_ament_install']
[1.829s] Level 1:colcon.colcon_core.package_identification:_identify(.) by extension 'ignore'
[1.830s] Level 1:colcon.colcon_core.package_identification:_identify(.) by extension 'ignore_ament_install'
[1.830s] Level 1:colcon.colcon_core.package_identification:_identify(.) by extensions ['colcon_pkg']
[1.830s] Level 1:colcon.colcon_core.package_identification:_identify(.) by extension 'colcon_pkg'
[1.830s] Level 1:colcon.colcon_core.package_identification:_identify(.) by extensions ['colcon_meta']
[1.830s] Level 1:colcon.colcon_core.package_identification:_identify(.) by extension 'colcon_meta'
[1.830s] Level 1:colcon.colcon_core.package_identification:_identify(.) by extensions ['ros']
[1.830s] Level 1:colcon.colcon_core.package_identification:_identify(.) by extension 'ros'
[1.848s] DEBUG:colcon.colcon_core.package_identification:Package '.' with type 'ros.ament_cmake' and name 'automated_planning'
[1.849s] Level 1:colcon.colcon_core.package_discovery:discover_packages(recursive) using defaults
[1.850s] Level 1:colcon.colcon_core.package_discovery:discover_packages(ignore) discover
[1.850s] Level 1:colcon.colcon_core.package_discovery:discover_packages(ignore) using defaults
[1.850s] Level 1:colcon.colcon_core.package_discovery:discover_packages(path) discover
[1.850s] Level 1:colcon.colcon_core.package_discovery:discover_packages(path) using defaults
[2.063s] Level 1:colcon.colcon_core.package_discovery:discover_packages(prefix_path) check parameters
[2.070s] Level 1:colcon.colcon_core.package_discovery:discover_packages(prefix_path) discover
[2.136s] Level 1:colcon.colcon_core.package_discovery:discover_packages(prefix_path) using defaults
[2.198s] Level 5:colcon.colcon_core.verb:set package 'automated_planning' build argument 'cmake_args' from command line to 'None'
[2.198s] Level 5:colcon.colcon_core.verb:set package 'automated_planning' build argument 'cmake_target' from command line to 'None'
[2.198s] Level 5:colcon.colcon_core.verb:set package 'automated_planning' build argument 'cmake_target_skip_unavailable' from command line to 'False'
[2.199s] Level 5:colcon.colcon_core.verb:set package 'automated_planning' build argument 'cmake_clean_cache' from command line to 'False'
[2.199s] Level 5:colcon.colcon_core.verb:set package 'automated_planning' build argument 'cmake_clean_first' from command line to 'False'
[2.199s] Level 5:colcon.colcon_core.verb:set package 'automated_planning' build argument 'cmake_force_configure' from command line to 'False'
[2.199s] Level 5:colcon.colcon_core.verb:set package 'automated_planning' build argument 'ament_cmake_args' from command line to 'None'
[2.199s] Level 5:colcon.colcon_core.verb:set package 'automated_planning' build argument 'catkin_cmake_args' from command line to 'None'
[2.199s] Level 5:colcon.colcon_core.verb:set package 'automated_planning' build argument 'catkin_skip_building_tests' from command line to 'False'
[2.199s] DEBUG:colcon.colcon_core.verb:Building package 'automated_planning' with the following arguments: {'ament_cmake_args': None, 'build_base': '/home/ane/colcon_ws/src/automated_planning/build/automated_planning', 'catkin_cmake_args': None, 'catkin_skip_building_tests': False, 'cmake_args': None, 'cmake_clean_cache': False, 'cmake_clean_first': False, 'cmake_force_configure': False, 'cmake_target': None, 'cmake_target_skip_unavailable': False, 'install_base': '/home/ane/colcon_ws/src/automated_planning/install/automated_planning', 'merge_install': False, 'path': '/home/ane/colcon_ws/src/automated_planning', 'symlink_install': True, 'test_result_base': None}
[2.225s] INFO:colcon.colcon_core.executor:Executing jobs using 'parallel' executor
[2.251s] DEBUG:colcon.colcon_parallel_executor.executor.parallel:run_until_complete
[2.252s] INFO:colcon.colcon_ros.task.ament_cmake.build:Building ROS package in '/home/ane/colcon_ws/src/automated_planning' with build type 'ament_cmake'
[2.252s] INFO:colcon.colcon_cmake.task.cmake.build:Building CMake package in '/home/ane/colcon_ws/src/automated_planning'
[2.285s] INFO:colcon.colcon_core.plugin_system:Skipping extension 'colcon_core.shell.bat': Not used on non-Windows systems
[2.286s] INFO:colcon.colcon_core.shell:Skip shell extension 'powershell' for command environment: Not usable outside of PowerShell
[2.286s] DEBUG:colcon.colcon_core.shell:Skip shell extension 'dsv' for command environment
[2.409s] DEBUG:colcon.colcon_core.event_handler.log_command:Invoking command in '/home/ane/colcon_ws/src/automated_planning/build/automated_planning': /usr/bin/cmake /home/ane/colcon_ws/src/automated_planning -DAMENT_CMAKE_SYMLINK_INSTALL=1 -DCMAKE_INSTALL_PREFIX=/home/ane/colcon_ws/src/automated_planning/install/automated_planning
[3.331s] DEBUG:colcon.colcon_core.event_handler.log_command:Invoked command in '/home/ane/colcon_ws/src/automated_planning/build/automated_planning' returned '1': /usr/bin/cmake /home/ane/colcon_ws/src/automated_planning -DAMENT_CMAKE_SYMLINK_INSTALL=1 -DCMAKE_INSTALL_PREFIX=/home/ane/colcon_ws/src/automated_planning/install/automated_planning
[3.352s] Level 1:colcon.colcon_core.environment:create_environment_scripts_only(automated_planning)
[3.420s] Level 1:colcon.colcon_core.environment:checking '/home/ane/colcon_ws/src/automated_planning/install/automated_planning' for CMake module files
[3.420s] Level 1:colcon.colcon_core.environment:checking '/home/ane/colcon_ws/src/automated_planning/install/automated_planning' for CMake config files
[3.421s] Level 1:colcon.colcon_core.environment:checking '/home/ane/colcon_ws/src/automated_planning/install/automated_planning/bin'
[3.422s] Level 1:colcon.colcon_core.environment:checking '/home/ane/colcon_ws/src/automated_planning/install/automated_planning/lib/pkgconfig/automated_planning.pc'
[3.424s] Level 1:colcon.colcon_core.environment:checking '/home/ane/colcon_ws/src/automated_planning/install/automated_planning/lib/python3.8/site-packages'
[3.424s] Level 1:colcon.colcon_core.environment:checking '/home/ane/colcon_ws/src/automated_planning/install/automated_planning/bin'
[3.452s] INFO:colcon.colcon_core.shell:Creating package script '/home/ane/colcon_ws/src/automated_planning/install/automated_planning/share/automated_planning/package.ps1'
[3.455s] INFO:colcon.colcon_core.shell:Creating package descriptor '/home/ane/colcon_ws/src/automated_planning/install/automated_planning/share/automated_planning/package.dsv'
[3.456s] INFO:colcon.colcon_core.shell:Creating package script '/home/ane/colcon_ws/src/automated_planning/install/automated_planning/share/automated_planning/package.sh'
[3.458s] INFO:colcon.colcon_core.shell:Creating package script '/home/ane/colcon_ws/src/automated_planning/install/automated_planning/share/automated_planning/package.bash'
[3.460s] INFO:colcon.colcon_core.shell:Creating package script '/home/ane/colcon_ws/src/automated_planning/install/automated_planning/share/automated_planning/package.zsh'
[3.463s] Level 1:colcon.colcon_core.environment:create_file_with_runtime_dependencies(/home/ane/colcon_ws/src/automated_planning/install/automated_planning/share/colcon-core/packages/automated_planning)
[3.475s] DEBUG:colcon.colcon_parallel_executor.executor.parallel:closing loop
[3.476s] DEBUG:colcon.colcon_parallel_executor.executor.parallel:loop closed
[3.476s] DEBUG:colcon.colcon_parallel_executor.executor.parallel:run_until_complete finished with '1'
[3.476s] DEBUG:colcon.colcon_core.event_reactor:joining thread
[3.560s] INFO:colcon.colcon_core.plugin_system:Skipping extension 'colcon_notification.desktop_notification.terminal_notifier': Not used on non-Darwin systems
[3.561s] INFO:colcon.colcon_core.plugin_system:Skipping extension 'colcon_notification.desktop_notification.win32': Not used on non-Windows systems
[3.562s] INFO:colcon.colcon_notification.desktop_notification:Sending desktop notification using 'notify2'
[3.608s] DEBUG:colcon.colcon_core.event_reactor:joined thread
[3.648s] INFO:colcon.colcon_core.shell:Creating prefix script '/home/ane/colcon_ws/src/automated_planning/install/local_setup.ps1'
[3.650s] INFO:colcon.colcon_core.shell:Creating prefix util module '/home/ane/colcon_ws/src/automated_planning/install/_local_setup_util_ps1.py'
[3.651s] INFO:colcon.colcon_core.shell:Creating prefix chain script '/home/ane/colcon_ws/src/automated_planning/install/setup.ps1'
[3.708s] INFO:colcon.colcon_core.shell:Creating prefix script '/home/ane/colcon_ws/src/automated_planning/install/local_setup.sh'
[3.709s] INFO:colcon.colcon_core.shell:Creating prefix util module '/home/ane/colcon_ws/src/automated_planning/install/_local_setup_util_sh.py'
[3.710s] INFO:colcon.colcon_core.shell:Creating prefix chain script '/home/ane/colcon_ws/src/automated_planning/install/setup.sh'
[3.756s] INFO:colcon.colcon_core.shell:Creating prefix script '/home/ane/colcon_ws/src/automated_planning/install/local_setup.bash'
[3.758s] INFO:colcon.colcon_core.shell:Creating prefix chain script '/home/ane/colcon_ws/src/automated_planning/install/setup.bash'
[3.791s] INFO:colcon.colcon_core.shell:Creating prefix script '/home/ane/colcon_ws/src/automated_planning/install/local_setup.zsh'
[3.792s] INFO:colcon.colcon_core.shell:Creating prefix chain script '/home/ane/colcon_ws/src/automated_planning/install/setup.zsh'
