-- Found ament_cmake: 0.9.12 (/opt/ros/foxy/share/ament_cmake/cmake)
-- Using PYTHON_EXECUTABLE: /usr/bin/python3
-- Override CMake install command with custom implementation using symlinks instead of copying resources
-- Found rclcpp: 2.4.3 (/opt/ros/foxy/share/rclcpp/cmake)
-- Using all available rosidl_typesupport_c: rosidl_typesupport_fastrtps_c;rosidl_typesupport_introspection_c
-- Found rosidl_adapter: 1.3.1 (/opt/ros/foxy/share/rosidl_adapter/cmake)
-- Using all available rosidl_typesupport_cpp: rosidl_typesupport_fastrtps_cpp;rosidl_typesupport_introspection_cpp
-- Found rmw_implementation_cmake: 1.0.4 (/opt/ros/foxy/share/rmw_implementation_cmake/cmake)
-- Using RMW implementation 'rmw_fastrtps_cpp' as default
-- Found rclcpp_lifecycle: 2.4.3 (/opt/ros/foxy/share/rclcpp_lifecycle/cmake)
-- Found rclcpp_action: 2.4.3 (/opt/ros/foxy/share/rclcpp_action/cmake)
-- Found plansys2_msgs: 1.0.10 (/opt/ros/foxy/share/plansys2_msgs/cmake)
-- Found plansys2_executor: 1.0.10 (/opt/ros/foxy/share/plansys2_executor/cmake)
-- Found geometry_msgs: 2.0.5 (/opt/ros/foxy/share/geometry_msgs/cmake)
CMake Error at CMakeLists.txt:24 (find_package):
  By not providing "Findnav2_msgs.cmake" in CMAKE_MODULE_PATH this project
  has asked CMake to find a package configuration file provided by
  "nav2_msgs", but CMake did not find one.

  Could not find a package configuration file provided by "nav2_msgs" with
  any of the following names:

    nav2_msgsConfig.cmake
    nav2_msgs-config.cmake

  Add the installation prefix of "nav2_msgs" to CMAKE_PREFIX_PATH or set
  "nav2_msgs_DIR" to a directory containing one of the above files.  If
  "nav2_msgs" provides a separate development package or SDK, be sure it has
  been installed.


-- Configuring incomplete, errors occurred!
See also "/home/ane/colcon_ws/src/automated_planning/build/automated_planning/CMakeFiles/CMakeOutput.log".
See also "/home/ane/colcon_ws/src/automated_planning/build/automated_planning/CMakeFiles/CMakeError.log".
