[0.155s] Invoking command in '/home/ane/colcon_ws/src/automated_planning/build/automated_planning': /usr/bin/cmake /home/ane/colcon_ws/src/automated_planning -DAMENT_CMAKE_SYMLINK_INSTALL=1 -DCMAKE_INSTALL_PREFIX=/home/ane/colcon_ws/src/automated_planning/install/automated_planning
[0.280s] -- The C compiler identification is GNU 9.4.0
[0.388s] -- The CXX compiler identification is GNU 9.4.0
[0.394s] -- Check for working C compiler: /usr/bin/cc
[0.564s] -- Check for working C compiler: /usr/bin/cc -- works
[0.566s] -- Detecting C compiler ABI info
[0.697s] -- Detecting C compiler ABI info - done
[0.710s] -- Detecting C compile features
[0.710s] -- Detecting C compile features - done
[0.714s] -- Check for working CXX compiler: /usr/bin/c++
[0.893s] -- Check for working CXX compiler: /usr/bin/c++ -- works
[0.893s] -- Detecting CXX compiler ABI info
[1.037s] -- Detecting CXX compiler ABI info - done
[1.054s] -- Detecting CXX compile features
[1.054s] -- Detecting CXX compile features - done
[1.066s] CMake Error at CMakeLists.txt:17 (find_package):
[1.067s]   By not providing "Findament_cmake.cmake" in CMAKE_MODULE_PATH this project
[1.067s]   has asked CMake to find a package configuration file provided by
[1.067s]   "ament_cmake", but CMake did not find one.
[1.067s] 
[1.067s]   Could not find a package configuration file provided by "ament_cmake" with
[1.067s]   any of the following names:
[1.067s] 
[1.067s]     ament_cmakeConfig.cmake
[1.067s]     ament_cmake-config.cmake
[1.068s] 
[1.068s]   Add the installation prefix of "ament_cmake" to CMAKE_PREFIX_PATH or set
[1.068s]   "ament_cmake_DIR" to a directory containing one of the above files.  If
[1.068s]   "ament_cmake" provides a separate development package or SDK, be sure it
[1.068s]   has been installed.
[1.068s] 
[1.068s] 
[1.068s] -- Configuring incomplete, errors occurred!
[1.069s] See also "/home/ane/colcon_ws/src/automated_planning/build/automated_planning/CMakeFiles/CMakeOutput.log".
[1.077s] Invoked command in '/home/ane/colcon_ws/src/automated_planning/build/automated_planning' returned '1': /usr/bin/cmake /home/ane/colcon_ws/src/automated_planning -DAMENT_CMAKE_SYMLINK_INSTALL=1 -DCMAKE_INSTALL_PREFIX=/home/ane/colcon_ws/src/automated_planning/install/automated_planning
