[0.201s] Invoking command in '/home/ane/colcon_ws/src/automated_planning/build/automated_planning': CMAKE_PREFIX_PATH=/opt/ros/foxy /usr/bin/cmake /home/ane/colcon_ws/src/automated_planning -DAMENT_CMAKE_SYMLINK_INSTALL=1 -DCMAKE_INSTALL_PREFIX=/home/ane/colcon_ws/src/automated_planning/install/automated_planning
[0.230s] -- Found ament_cmake: 0.9.12 (/opt/ros/foxy/share/ament_cmake/cmake)
[0.269s] -- Found PythonInterp: /usr/bin/python3 (found suitable version "3.8.10", minimum required is "3") 
[0.269s] -- Using PYTHON_EXECUTABLE: /usr/bin/python3
[0.485s] -- Override CMake install command with custom implementation using symlinks instead of copying resources
[0.520s] -- Found rclcpp: 2.4.3 (/opt/ros/foxy/share/rclcpp/cmake)
[0.589s] -- Using all available rosidl_typesupport_c: rosidl_typesupport_fastrtps_c;rosidl_typesupport_introspection_c
[0.596s] -- Found rosidl_adapter: 1.3.1 (/opt/ros/foxy/share/rosidl_adapter/cmake)
[0.740s] -- Found OpenSSL: /usr/lib/x86_64-linux-gnu/libcrypto.so (found version "1.1.1f")  
[0.774s] -- Found FastRTPS: /opt/ros/foxy/include  
[0.906s] -- Using all available rosidl_typesupport_cpp: rosidl_typesupport_fastrtps_cpp;rosidl_typesupport_introspection_cpp
[1.008s] -- Found rmw_implementation_cmake: 1.0.4 (/opt/ros/foxy/share/rmw_implementation_cmake/cmake)
[1.011s] -- Using RMW implementation 'rmw_fastrtps_cpp' as default
[1.013s] -- Looking for pthread.h
[1.135s] -- Looking for pthread.h - found
[1.136s] -- Performing Test CMAKE_HAVE_LIBC_PTHREAD
[1.268s] -- Performing Test CMAKE_HAVE_LIBC_PTHREAD - Failed
[1.269s] -- Looking for pthread_create in pthreads
[1.380s] -- Looking for pthread_create in pthreads - not found
[1.380s] -- Looking for pthread_create in pthread
[1.505s] -- Looking for pthread_create in pthread - found
[1.507s] -- Found Threads: TRUE  
[1.718s] -- Found rclcpp_lifecycle: 2.4.3 (/opt/ros/foxy/share/rclcpp_lifecycle/cmake)
[1.772s] -- Found rclcpp_action: 2.4.3 (/opt/ros/foxy/share/rclcpp_action/cmake)
[1.871s] CMake Error at CMakeLists.txt:21 (find_package):
[1.871s]   By not providing "Findplansys2_msgs.cmake" in CMAKE_MODULE_PATH this
[1.871s]   project has asked CMake to find a package configuration file provided by
[1.872s]   "plansys2_msgs", but CMake did not find one.
[1.872s] 
[1.872s]   Could not find a package configuration file provided by "plansys2_msgs"
[1.872s]   with any of the following names:
[1.875s] 
[1.875s]     plansys2_msgsConfig.cmake
[1.875s]     plansys2_msgs-config.cmake
[1.875s] 
[1.875s]   Add the installation prefix of "plansys2_msgs" to CMAKE_PREFIX_PATH or set
[1.875s]   "plansys2_msgs_DIR" to a directory containing one of the above files.  If
[1.875s]   "plansys2_msgs" provides a separate development package or SDK, be sure it
[1.875s]   has been installed.
[1.875s] 
[1.875s] 
[1.875s] -- Configuring incomplete, errors occurred!
[1.875s] See also "/home/ane/colcon_ws/src/automated_planning/build/automated_planning/CMakeFiles/CMakeOutput.log".
[1.876s] See also "/home/ane/colcon_ws/src/automated_planning/build/automated_planning/CMakeFiles/CMakeError.log".
[1.888s] Invoked command in '/home/ane/colcon_ws/src/automated_planning/build/automated_planning' returned '1': CMAKE_PREFIX_PATH=/opt/ros/foxy /usr/bin/cmake /home/ane/colcon_ws/src/automated_planning -DAMENT_CMAKE_SYMLINK_INSTALL=1 -DCMAKE_INSTALL_PREFIX=/home/ane/colcon_ws/src/automated_planning/install/automated_planning
