[1.970s] DEBUG:colcon:Command line arguments: ['/usr/bin/colcon', 'build', '--symlink-install']
[1.976s] DEBUG:colcon:Parsed command line arguments: Namespace(allow_overriding=[], ament_cmake_args=None, base_paths=['.'], build_base='build', catkin_cmake_args=None, catkin_skip_building_tests=False, cmake_args=None, cmake_clean_cache=False, cmake_clean_first=False, cmake_force_configure=False, cmake_target=None, cmake_target_skip_unavailable=False, continue_on_error=False, event_handlers=None, executor='parallel', ignore_user_meta=False, install_base='install', log_base=None, log_level=None, main=<bound method BuildVerb.main of <colcon_core.verb.build.BuildVerb object at 0x7fa86cbe6580>>, merge_install=False, metas=['./colcon.meta'], packages_above=None, packages_above_and_dependencies=None, packages_above_depth=None, packages_end=None, packages_ignore=None, packages_ignore_regex=None, packages_select=None, packages_select_build_failed=False, packages_select_by_dep=None, packages_select_regex=None, packages_select_test_failures=False, packages_skip=None, packages_skip_build_finished=False, packages_skip_by_dep=None, packages_skip_regex=None, packages_skip_test_passed=False, packages_skip_up_to=None, packages_start=None, packages_up_to=None, packages_up_to_regex=None, parallel_workers=4, paths=None, symlink_install=True, test_result_base=None, verb_extension=<colcon_core.verb.build.BuildVerb object at 0x7fa86cbe6580>, verb_name='build', verb_parser=<colcon_defaults.argument_parser.defaults.DefaultArgumentsDecorator object at 0x7fa86c7b0b80>)
[2.119s] Level 1:colcon.colcon_core.package_discovery:discover_packages(colcon_meta) check parameters
[2.119s] Level 1:colcon.colcon_core.package_discovery:discover_packages(recursive) check parameters
[2.120s] Level 1:colcon.colcon_core.package_discovery:discover_packages(ignore) check parameters
[2.120s] Level 1:colcon.colcon_core.package_discovery:discover_packages(path) check parameters
[2.120s] Level 1:colcon.colcon_core.package_discovery:discover_packages(colcon_meta) discover
[2.120s] Level 1:colcon.colcon_core.package_discovery:discover_packages(recursive) discover
[2.120s] INFO:colcon.colcon_core.package_discovery:Crawling recursively for packages in '/home/ane/colcon_ws/src/automated_planning'
[2.120s] Level 1:colcon.colcon_core.package_identification:_identify(.) by extensions ['ignore', 'ignore_ament_install']
[2.120s] Level 1:colcon.colcon_core.package_identification:_identify(.) by extension 'ignore'
[2.121s] Level 1:colcon.colcon_core.package_identification:_identify(.) by extension 'ignore_ament_install'
[2.121s] Level 1:colcon.colcon_core.package_identification:_identify(.) by extensions ['colcon_pkg']
[2.121s] Level 1:colcon.colcon_core.package_identification:_identify(.) by extension 'colcon_pkg'
[2.121s] Level 1:colcon.colcon_core.package_identification:_identify(.) by extensions ['colcon_meta']
[2.121s] Level 1:colcon.colcon_core.package_identification:_identify(.) by extension 'colcon_meta'
[2.121s] Level 1:colcon.colcon_core.package_identification:_identify(.) by extensions ['ros']
[2.121s] Level 1:colcon.colcon_core.package_identification:_identify(.) by extension 'ros'
[2.140s] DEBUG:colcon.colcon_core.package_identification:Package '.' with type 'ros.ament_cmake' and name 'automated_planning'
[2.140s] Level 1:colcon.colcon_core.package_discovery:discover_packages(recursive) using defaults
[2.140s] Level 1:colcon.colcon_core.package_discovery:discover_packages(ignore) discover
[2.140s] Level 1:colcon.colcon_core.package_discovery:discover_packages(ignore) using defaults
[2.140s] Level 1:colcon.colcon_core.package_discovery:discover_packages(path) discover
[2.140s] Level 1:colcon.colcon_core.package_discovery:discover_packages(path) using defaults
[2.332s] Level 1:colcon.colcon_core.package_discovery:discover_packages(prefix_path) check parameters
[2.334s] Level 1:colcon.colcon_core.package_discovery:discover_packages(prefix_path) discover
[2.403s] DEBUG:colcon.colcon_installed_package_information.package_discovery:Found 272 installed packages in /opt/ros/foxy
[2.409s] Level 1:colcon.colcon_core.package_discovery:discover_packages(prefix_path) using defaults
[2.561s] Level 5:colcon.colcon_core.verb:set package 'automated_planning' build argument 'cmake_args' from command line to 'None'
[2.562s] Level 5:colcon.colcon_core.verb:set package 'automated_planning' build argument 'cmake_target' from command line to 'None'
[2.562s] Level 5:colcon.colcon_core.verb:set package 'automated_planning' build argument 'cmake_target_skip_unavailable' from command line to 'False'
[2.562s] Level 5:colcon.colcon_core.verb:set package 'automated_planning' build argument 'cmake_clean_cache' from command line to 'False'
[2.562s] Level 5:colcon.colcon_core.verb:set package 'automated_planning' build argument 'cmake_clean_first' from command line to 'False'
[2.562s] Level 5:colcon.colcon_core.verb:set package 'automated_planning' build argument 'cmake_force_configure' from command line to 'False'
[2.563s] Level 5:colcon.colcon_core.verb:set package 'automated_planning' build argument 'ament_cmake_args' from command line to 'None'
[2.563s] Level 5:colcon.colcon_core.verb:set package 'automated_planning' build argument 'catkin_cmake_args' from command line to 'None'
[2.563s] Level 5:colcon.colcon_core.verb:set package 'automated_planning' build argument 'catkin_skip_building_tests' from command line to 'False'
[2.563s] DEBUG:colcon.colcon_core.verb:Building package 'automated_planning' with the following arguments: {'ament_cmake_args': None, 'build_base': '/home/ane/colcon_ws/src/automated_planning/build/automated_planning', 'catkin_cmake_args': None, 'catkin_skip_building_tests': False, 'cmake_args': None, 'cmake_clean_cache': False, 'cmake_clean_first': False, 'cmake_force_configure': False, 'cmake_target': None, 'cmake_target_skip_unavailable': False, 'install_base': '/home/ane/colcon_ws/src/automated_planning/install/automated_planning', 'merge_install': False, 'path': '/home/ane/colcon_ws/src/automated_planning', 'symlink_install': True, 'test_result_base': None}
[2.607s] INFO:colcon.colcon_core.executor:Executing jobs using 'parallel' executor
[2.658s] DEBUG:colcon.colcon_parallel_executor.executor.parallel:run_until_complete
[2.659s] INFO:colcon.colcon_ros.task.ament_cmake.build:Building ROS package in '/home/ane/colcon_ws/src/automated_planning' with build type 'ament_cmake'
[2.660s] INFO:colcon.colcon_cmake.task.cmake.build:Building CMake package in '/home/ane/colcon_ws/src/automated_planning'
[2.711s] INFO:colcon.colcon_core.plugin_system:Skipping extension 'colcon_core.shell.bat': Not used on non-Windows systems
[2.712s] INFO:colcon.colcon_core.shell:Skip shell extension 'powershell' for command environment: Not usable outside of PowerShell
[2.712s] DEBUG:colcon.colcon_core.shell:Skip shell extension 'dsv' for command environment
[2.839s] DEBUG:colcon.colcon_core.event_handler.log_command:Invoking command in '/home/ane/colcon_ws/src/automated_planning/build/automated_planning': CMAKE_PREFIX_PATH=/opt/ros/foxy /usr/bin/cmake /home/ane/colcon_ws/src/automated_planning -DAMENT_CMAKE_SYMLINK_INSTALL=1 -DCMAKE_INSTALL_PREFIX=/home/ane/colcon_ws/src/automated_planning/install/automated_planning
[5.586s] DEBUG:colcon.colcon_core.event_handler.log_command:Invoked command in '/home/ane/colcon_ws/src/automated_planning/build/automated_planning' returned '1': CMAKE_PREFIX_PATH=/opt/ros/foxy /usr/bin/cmake /home/ane/colcon_ws/src/automated_planning -DAMENT_CMAKE_SYMLINK_INSTALL=1 -DCMAKE_INSTALL_PREFIX=/home/ane/colcon_ws/src/automated_planning/install/automated_planning
[5.617s] Level 1:colcon.colcon_core.environment:create_environment_scripts_only(automated_planning)
[5.662s] Level 1:colcon.colcon_core.environment:checking '/home/ane/colcon_ws/src/automated_planning/install/automated_planning' for CMake module files
[5.663s] Level 1:colcon.colcon_core.environment:checking '/home/ane/colcon_ws/src/automated_planning/install/automated_planning' for CMake config files
[5.663s] Level 1:colcon.colcon_core.environment:checking '/home/ane/colcon_ws/src/automated_planning/install/automated_planning/bin'
[5.663s] Level 1:colcon.colcon_core.environment:checking '/home/ane/colcon_ws/src/automated_planning/install/automated_planning/lib/pkgconfig/automated_planning.pc'
[5.664s] Level 1:colcon.colcon_core.environment:checking '/home/ane/colcon_ws/src/automated_planning/install/automated_planning/lib/python3.8/site-packages'
[5.665s] Level 1:colcon.colcon_core.environment:checking '/home/ane/colcon_ws/src/automated_planning/install/automated_planning/bin'
[5.703s] INFO:colcon.colcon_core.shell:Creating package script '/home/ane/colcon_ws/src/automated_planning/install/automated_planning/share/automated_planning/package.ps1'
[5.705s] INFO:colcon.colcon_core.shell:Creating package descriptor '/home/ane/colcon_ws/src/automated_planning/install/automated_planning/share/automated_planning/package.dsv'
[5.705s] INFO:colcon.colcon_core.shell:Creating package script '/home/ane/colcon_ws/src/automated_planning/install/automated_planning/share/automated_planning/package.sh'
[5.707s] INFO:colcon.colcon_core.shell:Creating package script '/home/ane/colcon_ws/src/automated_planning/install/automated_planning/share/automated_planning/package.bash'
[5.708s] INFO:colcon.colcon_core.shell:Creating package script '/home/ane/colcon_ws/src/automated_planning/install/automated_planning/share/automated_planning/package.zsh'
[5.709s] Level 1:colcon.colcon_core.environment:create_file_with_runtime_dependencies(/home/ane/colcon_ws/src/automated_planning/install/automated_planning/share/colcon-core/packages/automated_planning)
[5.723s] DEBUG:colcon.colcon_parallel_executor.executor.parallel:closing loop
[5.724s] DEBUG:colcon.colcon_parallel_executor.executor.parallel:loop closed
[5.724s] DEBUG:colcon.colcon_parallel_executor.executor.parallel:run_until_complete finished with '1'
[5.724s] DEBUG:colcon.colcon_core.event_reactor:joining thread
[5.778s] INFO:colcon.colcon_core.plugin_system:Skipping extension 'colcon_notification.desktop_notification.terminal_notifier': Not used on non-Darwin systems
[5.779s] INFO:colcon.colcon_core.plugin_system:Skipping extension 'colcon_notification.desktop_notification.win32': Not used on non-Windows systems
[5.779s] INFO:colcon.colcon_notification.desktop_notification:Sending desktop notification using 'notify2'
[5.810s] DEBUG:colcon.colcon_core.event_reactor:joined thread
[5.883s] INFO:colcon.colcon_core.shell:Creating prefix script '/home/ane/colcon_ws/src/automated_planning/install/local_setup.ps1'
[5.891s] INFO:colcon.colcon_core.shell:Creating prefix util module '/home/ane/colcon_ws/src/automated_planning/install/_local_setup_util_ps1.py'
[5.907s] INFO:colcon.colcon_core.shell:Creating prefix chain script '/home/ane/colcon_ws/src/automated_planning/install/setup.ps1'
[5.975s] INFO:colcon.colcon_core.shell:Creating prefix script '/home/ane/colcon_ws/src/automated_planning/install/local_setup.sh'
[5.979s] INFO:colcon.colcon_core.shell:Creating prefix util module '/home/ane/colcon_ws/src/automated_planning/install/_local_setup_util_sh.py'
[5.983s] INFO:colcon.colcon_core.shell:Creating prefix chain script '/home/ane/colcon_ws/src/automated_planning/install/setup.sh'
[6.062s] INFO:colcon.colcon_core.shell:Creating prefix script '/home/ane/colcon_ws/src/automated_planning/install/local_setup.bash'
[6.063s] INFO:colcon.colcon_core.shell:Creating prefix chain script '/home/ane/colcon_ws/src/automated_planning/install/setup.bash'
[6.129s] INFO:colcon.colcon_core.shell:Creating prefix script '/home/ane/colcon_ws/src/automated_planning/install/local_setup.zsh'
[6.131s] INFO:colcon.colcon_core.shell:Creating prefix chain script '/home/ane/colcon_ws/src/automated_planning/install/setup.zsh'
