[2.799s] DEBUG:colcon:Command line arguments: ['/usr/bin/colcon', 'build', '--symlink-install']
[2.799s] DEBUG:colcon:Parsed command line arguments: Namespace(allow_overriding=[], ament_cmake_args=None, base_paths=['.'], build_base='build', catkin_cmake_args=None, catkin_skip_building_tests=False, cmake_args=None, cmake_clean_cache=False, cmake_clean_first=False, cmake_force_configure=False, cmake_target=None, cmake_target_skip_unavailable=False, continue_on_error=False, event_handlers=None, executor='parallel', ignore_user_meta=False, install_base='install', log_base=None, log_level=None, main=<bound method BuildVerb.main of <colcon_core.verb.build.BuildVerb object at 0x7fec72c72580>>, merge_install=False, metas=['./colcon.meta'], packages_above=None, packages_above_and_dependencies=None, packages_above_depth=None, packages_end=None, packages_ignore=None, packages_ignore_regex=None, packages_select=None, packages_select_build_failed=False, packages_select_by_dep=None, packages_select_regex=None, packages_select_test_failures=False, packages_skip=None, packages_skip_build_finished=False, packages_skip_by_dep=None, packages_skip_regex=None, packages_skip_test_passed=False, packages_skip_up_to=None, packages_start=None, packages_up_to=None, packages_up_to_regex=None, parallel_workers=4, paths=None, symlink_install=True, test_result_base=None, verb_extension=<colcon_core.verb.build.BuildVerb object at 0x7fec72c72580>, verb_name='build', verb_parser=<colcon_defaults.argument_parser.defaults.DefaultArgumentsDecorator object at 0x7fec72849b20>)
[2.908s] Level 1:colcon.colcon_core.package_discovery:discover_packages(colcon_meta) check parameters
[2.908s] Level 1:colcon.colcon_core.package_discovery:discover_packages(recursive) check parameters
[2.908s] Level 1:colcon.colcon_core.package_discovery:discover_packages(ignore) check parameters
[2.908s] Level 1:colcon.colcon_core.package_discovery:discover_packages(path) check parameters
[2.908s] Level 1:colcon.colcon_core.package_discovery:discover_packages(colcon_meta) discover
[2.908s] Level 1:colcon.colcon_core.package_discovery:discover_packages(recursive) discover
[2.908s] INFO:colcon.colcon_core.package_discovery:Crawling recursively for packages in '/home/ane/colcon_ws/src/automated_planning'
[2.908s] Level 1:colcon.colcon_core.package_identification:_identify(.) by extensions ['ignore', 'ignore_ament_install']
[2.909s] Level 1:colcon.colcon_core.package_identification:_identify(.) by extension 'ignore'
[2.909s] Level 1:colcon.colcon_core.package_identification:_identify(.) by extension 'ignore_ament_install'
[2.909s] Level 1:colcon.colcon_core.package_identification:_identify(.) by extensions ['colcon_pkg']
[2.909s] Level 1:colcon.colcon_core.package_identification:_identify(.) by extension 'colcon_pkg'
[2.909s] Level 1:colcon.colcon_core.package_identification:_identify(.) by extensions ['colcon_meta']
[2.909s] Level 1:colcon.colcon_core.package_identification:_identify(.) by extension 'colcon_meta'
[2.909s] Level 1:colcon.colcon_core.package_identification:_identify(.) by extensions ['ros']
[2.909s] Level 1:colcon.colcon_core.package_identification:_identify(.) by extension 'ros'
[2.926s] DEBUG:colcon.colcon_core.package_identification:Package '.' with type 'ros.ament_cmake' and name 'automated_planning'
[2.926s] Level 1:colcon.colcon_core.package_discovery:discover_packages(recursive) using defaults
[2.926s] Level 1:colcon.colcon_core.package_discovery:discover_packages(ignore) discover
[2.926s] Level 1:colcon.colcon_core.package_discovery:discover_packages(ignore) using defaults
[2.926s] Level 1:colcon.colcon_core.package_discovery:discover_packages(path) discover
[2.926s] Level 1:colcon.colcon_core.package_discovery:discover_packages(path) using defaults
[3.163s] Level 1:colcon.colcon_core.package_discovery:discover_packages(prefix_path) check parameters
[3.163s] Level 1:colcon.colcon_core.package_discovery:discover_packages(prefix_path) discover
[3.261s] DEBUG:colcon.colcon_installed_package_information.package_discovery:Found 272 installed packages in /opt/ros/foxy
[3.263s] Level 1:colcon.colcon_core.package_discovery:discover_packages(prefix_path) using defaults
[3.452s] Level 5:colcon.colcon_core.verb:set package 'automated_planning' build argument 'cmake_args' from command line to 'None'
[3.452s] Level 5:colcon.colcon_core.verb:set package 'automated_planning' build argument 'cmake_target' from command line to 'None'
[3.453s] Level 5:colcon.colcon_core.verb:set package 'automated_planning' build argument 'cmake_target_skip_unavailable' from command line to 'False'
[3.453s] Level 5:colcon.colcon_core.verb:set package 'automated_planning' build argument 'cmake_clean_cache' from command line to 'False'
[3.453s] Level 5:colcon.colcon_core.verb:set package 'automated_planning' build argument 'cmake_clean_first' from command line to 'False'
[3.453s] Level 5:colcon.colcon_core.verb:set package 'automated_planning' build argument 'cmake_force_configure' from command line to 'False'
[3.453s] Level 5:colcon.colcon_core.verb:set package 'automated_planning' build argument 'ament_cmake_args' from command line to 'None'
[3.453s] Level 5:colcon.colcon_core.verb:set package 'automated_planning' build argument 'catkin_cmake_args' from command line to 'None'
[3.453s] Level 5:colcon.colcon_core.verb:set package 'automated_planning' build argument 'catkin_skip_building_tests' from command line to 'False'
[3.453s] DEBUG:colcon.colcon_core.verb:Building package 'automated_planning' with the following arguments: {'ament_cmake_args': None, 'build_base': '/home/ane/colcon_ws/src/automated_planning/build/automated_planning', 'catkin_cmake_args': None, 'catkin_skip_building_tests': False, 'cmake_args': None, 'cmake_clean_cache': False, 'cmake_clean_first': False, 'cmake_force_configure': False, 'cmake_target': None, 'cmake_target_skip_unavailable': False, 'install_base': '/home/ane/colcon_ws/src/automated_planning/install/automated_planning', 'merge_install': False, 'path': '/home/ane/colcon_ws/src/automated_planning', 'symlink_install': True, 'test_result_base': None}
[3.500s] INFO:colcon.colcon_core.executor:Executing jobs using 'parallel' executor
[3.581s] DEBUG:colcon.colcon_parallel_executor.executor.parallel:run_until_complete
[3.582s] INFO:colcon.colcon_ros.task.ament_cmake.build:Building ROS package in '/home/ane/colcon_ws/src/automated_planning' with build type 'ament_cmake'
[3.582s] INFO:colcon.colcon_cmake.task.cmake.build:Building CMake package in '/home/ane/colcon_ws/src/automated_planning'
[3.646s] INFO:colcon.colcon_core.plugin_system:Skipping extension 'colcon_core.shell.bat': Not used on non-Windows systems
[3.647s] INFO:colcon.colcon_core.shell:Skip shell extension 'powershell' for command environment: Not usable outside of PowerShell
[3.647s] DEBUG:colcon.colcon_core.shell:Skip shell extension 'dsv' for command environment
[3.780s] DEBUG:colcon.colcon_core.event_handler.log_command:Invoking command in '/home/ane/colcon_ws/src/automated_planning/build/automated_planning': CMAKE_PREFIX_PATH=/opt/ros/foxy /usr/bin/cmake /home/ane/colcon_ws/src/automated_planning -DAMENT_CMAKE_SYMLINK_INSTALL=1 -DCMAKE_INSTALL_PREFIX=/home/ane/colcon_ws/src/automated_planning/install/automated_planning
[7.759s] DEBUG:colcon.colcon_core.event_handler.log_command:Invoked command in '/home/ane/colcon_ws/src/automated_planning/build/automated_planning' returned '1': CMAKE_PREFIX_PATH=/opt/ros/foxy /usr/bin/cmake /home/ane/colcon_ws/src/automated_planning -DAMENT_CMAKE_SYMLINK_INSTALL=1 -DCMAKE_INSTALL_PREFIX=/home/ane/colcon_ws/src/automated_planning/install/automated_planning
[7.821s] Level 1:colcon.colcon_core.environment:create_environment_scripts_only(automated_planning)
[7.913s] Level 1:colcon.colcon_core.environment:checking '/home/ane/colcon_ws/src/automated_planning/install/automated_planning' for CMake module files
[7.914s] Level 1:colcon.colcon_core.environment:checking '/home/ane/colcon_ws/src/automated_planning/install/automated_planning' for CMake config files
[7.916s] Level 1:colcon.colcon_core.environment:checking '/home/ane/colcon_ws/src/automated_planning/install/automated_planning/bin'
[7.916s] Level 1:colcon.colcon_core.environment:checking '/home/ane/colcon_ws/src/automated_planning/install/automated_planning/lib/pkgconfig/automated_planning.pc'
[7.917s] Level 1:colcon.colcon_core.environment:checking '/home/ane/colcon_ws/src/automated_planning/install/automated_planning/lib/python3.8/site-packages'
[7.917s] Level 1:colcon.colcon_core.environment:checking '/home/ane/colcon_ws/src/automated_planning/install/automated_planning/bin'
[7.985s] INFO:colcon.colcon_core.shell:Creating package script '/home/ane/colcon_ws/src/automated_planning/install/automated_planning/share/automated_planning/package.ps1'
[7.988s] INFO:colcon.colcon_core.shell:Creating package descriptor '/home/ane/colcon_ws/src/automated_planning/install/automated_planning/share/automated_planning/package.dsv'
[7.989s] INFO:colcon.colcon_core.shell:Creating package script '/home/ane/colcon_ws/src/automated_planning/install/automated_planning/share/automated_planning/package.sh'
[7.991s] INFO:colcon.colcon_core.shell:Creating package script '/home/ane/colcon_ws/src/automated_planning/install/automated_planning/share/automated_planning/package.bash'
[7.993s] INFO:colcon.colcon_core.shell:Creating package script '/home/ane/colcon_ws/src/automated_planning/install/automated_planning/share/automated_planning/package.zsh'
[7.994s] Level 1:colcon.colcon_core.environment:create_file_with_runtime_dependencies(/home/ane/colcon_ws/src/automated_planning/install/automated_planning/share/colcon-core/packages/automated_planning)
[7.996s] DEBUG:colcon.colcon_parallel_executor.executor.parallel:closing loop
[7.996s] DEBUG:colcon.colcon_parallel_executor.executor.parallel:loop closed
[7.996s] DEBUG:colcon.colcon_parallel_executor.executor.parallel:run_until_complete finished with '1'
[7.997s] DEBUG:colcon.colcon_core.event_reactor:joining thread
[8.083s] INFO:colcon.colcon_core.plugin_system:Skipping extension 'colcon_notification.desktop_notification.terminal_notifier': Not used on non-Darwin systems
[8.083s] INFO:colcon.colcon_core.plugin_system:Skipping extension 'colcon_notification.desktop_notification.win32': Not used on non-Windows systems
[8.084s] INFO:colcon.colcon_notification.desktop_notification:Sending desktop notification using 'notify2'
[8.189s] DEBUG:colcon.colcon_core.event_reactor:joined thread
[8.266s] INFO:colcon.colcon_core.shell:Creating prefix script '/home/ane/colcon_ws/src/automated_planning/install/local_setup.ps1'
[8.268s] INFO:colcon.colcon_core.shell:Creating prefix util module '/home/ane/colcon_ws/src/automated_planning/install/_local_setup_util_ps1.py'
[8.271s] INFO:colcon.colcon_core.shell:Creating prefix chain script '/home/ane/colcon_ws/src/automated_planning/install/setup.ps1'
[8.361s] INFO:colcon.colcon_core.shell:Creating prefix script '/home/ane/colcon_ws/src/automated_planning/install/local_setup.sh'
[8.363s] INFO:colcon.colcon_core.shell:Creating prefix util module '/home/ane/colcon_ws/src/automated_planning/install/_local_setup_util_sh.py'
[8.365s] INFO:colcon.colcon_core.shell:Creating prefix chain script '/home/ane/colcon_ws/src/automated_planning/install/setup.sh'
[8.442s] INFO:colcon.colcon_core.shell:Creating prefix script '/home/ane/colcon_ws/src/automated_planning/install/local_setup.bash'
[8.443s] INFO:colcon.colcon_core.shell:Creating prefix chain script '/home/ane/colcon_ws/src/automated_planning/install/setup.bash'
[8.540s] INFO:colcon.colcon_core.shell:Creating prefix script '/home/ane/colcon_ws/src/automated_planning/install/local_setup.zsh'
[8.542s] INFO:colcon.colcon_core.shell:Creating prefix chain script '/home/ane/colcon_ws/src/automated_planning/install/setup.zsh'
