[2.006s] DEBUG:colcon:Command line arguments: ['/usr/bin/colcon', 'build', '--symlink-install']
[2.006s] DEBUG:colcon:Parsed command line arguments: Namespace(allow_overriding=[], ament_cmake_args=None, base_paths=['.'], build_base='build', catkin_cmake_args=None, catkin_skip_building_tests=False, cmake_args=None, cmake_clean_cache=False, cmake_clean_first=False, cmake_force_configure=False, cmake_target=None, cmake_target_skip_unavailable=False, continue_on_error=False, event_handlers=None, executor='parallel', ignore_user_meta=False, install_base='install', log_base=None, log_level=None, main=<bound method BuildVerb.main of <colcon_core.verb.build.BuildVerb object at 0x7f5ac58fe580>>, merge_install=False, metas=['./colcon.meta'], packages_above=None, packages_above_and_dependencies=None, packages_above_depth=None, packages_end=None, packages_ignore=None, packages_ignore_regex=None, packages_select=None, packages_select_build_failed=False, packages_select_by_dep=None, packages_select_regex=None, packages_select_test_failures=False, packages_skip=None, packages_skip_build_finished=False, packages_skip_by_dep=None, packages_skip_regex=None, packages_skip_test_passed=False, packages_skip_up_to=None, packages_start=None, packages_up_to=None, packages_up_to_regex=None, parallel_workers=4, paths=None, symlink_install=True, test_result_base=None, verb_extension=<colcon_core.verb.build.BuildVerb object at 0x7f5ac58fe580>, verb_name='build', verb_parser=<colcon_defaults.argument_parser.defaults.DefaultArgumentsDecorator object at 0x7f5ac54c9550>)
[2.186s] Level 1:colcon.colcon_core.package_discovery:discover_packages(colcon_meta) check parameters
[2.186s] Level 1:colcon.colcon_core.package_discovery:discover_packages(recursive) check parameters
[2.187s] Level 1:colcon.colcon_core.package_discovery:discover_packages(ignore) check parameters
[2.187s] Level 1:colcon.colcon_core.package_discovery:discover_packages(path) check parameters
[2.187s] Level 1:colcon.colcon_core.package_discovery:discover_packages(colcon_meta) discover
[2.187s] Level 1:colcon.colcon_core.package_discovery:discover_packages(recursive) discover
[2.188s] INFO:colcon.colcon_core.package_discovery:Crawling recursively for packages in '/home/ane/colcon_ws/src/automated_planning'
[2.188s] Level 1:colcon.colcon_core.package_identification:_identify(.) by extensions ['ignore', 'ignore_ament_install']
[2.188s] Level 1:colcon.colcon_core.package_identification:_identify(.) by extension 'ignore'
[2.188s] Level 1:colcon.colcon_core.package_identification:_identify(.) by extension 'ignore_ament_install'
[2.188s] Level 1:colcon.colcon_core.package_identification:_identify(.) by extensions ['colcon_pkg']
[2.189s] Level 1:colcon.colcon_core.package_identification:_identify(.) by extension 'colcon_pkg'
[2.189s] Level 1:colcon.colcon_core.package_identification:_identify(.) by extensions ['colcon_meta']
[2.189s] Level 1:colcon.colcon_core.package_identification:_identify(.) by extension 'colcon_meta'
[2.189s] Level 1:colcon.colcon_core.package_identification:_identify(.) by extensions ['ros']
[2.189s] Level 1:colcon.colcon_core.package_identification:_identify(.) by extension 'ros'
[2.208s] DEBUG:colcon.colcon_core.package_identification:Package '.' with type 'ros.ament_cmake' and name 'automated_planning'
[2.209s] Level 1:colcon.colcon_core.package_discovery:discover_packages(recursive) using defaults
[2.209s] Level 1:colcon.colcon_core.package_discovery:discover_packages(ignore) discover
[2.209s] Level 1:colcon.colcon_core.package_discovery:discover_packages(ignore) using defaults
[2.209s] Level 1:colcon.colcon_core.package_discovery:discover_packages(path) discover
[2.209s] Level 1:colcon.colcon_core.package_discovery:discover_packages(path) using defaults
[2.462s] Level 1:colcon.colcon_core.package_discovery:discover_packages(prefix_path) check parameters
[2.462s] Level 1:colcon.colcon_core.package_discovery:discover_packages(prefix_path) discover
[2.556s] DEBUG:colcon.colcon_installed_package_information.package_discovery:Found 272 installed packages in /opt/ros/foxy
[2.558s] Level 1:colcon.colcon_core.package_discovery:discover_packages(prefix_path) using defaults
[2.785s] Level 5:colcon.colcon_core.verb:set package 'automated_planning' build argument 'cmake_args' from command line to 'None'
[2.785s] Level 5:colcon.colcon_core.verb:set package 'automated_planning' build argument 'cmake_target' from command line to 'None'
[2.785s] Level 5:colcon.colcon_core.verb:set package 'automated_planning' build argument 'cmake_target_skip_unavailable' from command line to 'False'
[2.786s] Level 5:colcon.colcon_core.verb:set package 'automated_planning' build argument 'cmake_clean_cache' from command line to 'False'
[2.787s] Level 5:colcon.colcon_core.verb:set package 'automated_planning' build argument 'cmake_clean_first' from command line to 'False'
[2.787s] Level 5:colcon.colcon_core.verb:set package 'automated_planning' build argument 'cmake_force_configure' from command line to 'False'
[2.787s] Level 5:colcon.colcon_core.verb:set package 'automated_planning' build argument 'ament_cmake_args' from command line to 'None'
[2.787s] Level 5:colcon.colcon_core.verb:set package 'automated_planning' build argument 'catkin_cmake_args' from command line to 'None'
[2.788s] Level 5:colcon.colcon_core.verb:set package 'automated_planning' build argument 'catkin_skip_building_tests' from command line to 'False'
[2.788s] DEBUG:colcon.colcon_core.verb:Building package 'automated_planning' with the following arguments: {'ament_cmake_args': None, 'build_base': '/home/ane/colcon_ws/src/automated_planning/build/automated_planning', 'catkin_cmake_args': None, 'catkin_skip_building_tests': False, 'cmake_args': None, 'cmake_clean_cache': False, 'cmake_clean_first': False, 'cmake_force_configure': False, 'cmake_target': None, 'cmake_target_skip_unavailable': False, 'install_base': '/home/ane/colcon_ws/src/automated_planning/install/automated_planning', 'merge_install': False, 'path': '/home/ane/colcon_ws/src/automated_planning', 'symlink_install': True, 'test_result_base': None}
[2.854s] INFO:colcon.colcon_core.executor:Executing jobs using 'parallel' executor
[2.897s] DEBUG:colcon.colcon_parallel_executor.executor.parallel:run_until_complete
[2.899s] INFO:colcon.colcon_ros.task.ament_cmake.build:Building ROS package in '/home/ane/colcon_ws/src/automated_planning' with build type 'ament_cmake'
[2.899s] INFO:colcon.colcon_cmake.task.cmake.build:Building CMake package in '/home/ane/colcon_ws/src/automated_planning'
[2.954s] INFO:colcon.colcon_core.plugin_system:Skipping extension 'colcon_core.shell.bat': Not used on non-Windows systems
[2.955s] INFO:colcon.colcon_core.shell:Skip shell extension 'powershell' for command environment: Not usable outside of PowerShell
[2.955s] DEBUG:colcon.colcon_core.shell:Skip shell extension 'dsv' for command environment
[3.077s] DEBUG:colcon.colcon_core.event_handler.log_command:Invoking command in '/home/ane/colcon_ws/src/automated_planning/build/automated_planning': CMAKE_PREFIX_PATH=/opt/ros/foxy /usr/bin/cmake /home/ane/colcon_ws/src/automated_planning -DAMENT_CMAKE_SYMLINK_INSTALL=1 -DCMAKE_INSTALL_PREFIX=/home/ane/colcon_ws/src/automated_planning/install/automated_planning
[6.239s] DEBUG:colcon.colcon_core.event_handler.log_command:Invoked command in '/home/ane/colcon_ws/src/automated_planning/build/automated_planning' returned '1': CMAKE_PREFIX_PATH=/opt/ros/foxy /usr/bin/cmake /home/ane/colcon_ws/src/automated_planning -DAMENT_CMAKE_SYMLINK_INSTALL=1 -DCMAKE_INSTALL_PREFIX=/home/ane/colcon_ws/src/automated_planning/install/automated_planning
[6.262s] Level 1:colcon.colcon_core.environment:create_environment_scripts_only(automated_planning)
[6.313s] Level 1:colcon.colcon_core.environment:checking '/home/ane/colcon_ws/src/automated_planning/install/automated_planning' for CMake module files
[6.313s] Level 1:colcon.colcon_core.environment:checking '/home/ane/colcon_ws/src/automated_planning/install/automated_planning' for CMake config files
[6.314s] Level 1:colcon.colcon_core.environment:checking '/home/ane/colcon_ws/src/automated_planning/install/automated_planning/bin'
[6.314s] Level 1:colcon.colcon_core.environment:checking '/home/ane/colcon_ws/src/automated_planning/install/automated_planning/lib/pkgconfig/automated_planning.pc'
[6.315s] Level 1:colcon.colcon_core.environment:checking '/home/ane/colcon_ws/src/automated_planning/install/automated_planning/lib/python3.8/site-packages'
[6.315s] Level 1:colcon.colcon_core.environment:checking '/home/ane/colcon_ws/src/automated_planning/install/automated_planning/bin'
[6.360s] INFO:colcon.colcon_core.shell:Creating package script '/home/ane/colcon_ws/src/automated_planning/install/automated_planning/share/automated_planning/package.ps1'
[6.362s] INFO:colcon.colcon_core.shell:Creating package descriptor '/home/ane/colcon_ws/src/automated_planning/install/automated_planning/share/automated_planning/package.dsv'
[6.363s] INFO:colcon.colcon_core.shell:Creating package script '/home/ane/colcon_ws/src/automated_planning/install/automated_planning/share/automated_planning/package.sh'
[6.364s] INFO:colcon.colcon_core.shell:Creating package script '/home/ane/colcon_ws/src/automated_planning/install/automated_planning/share/automated_planning/package.bash'
[6.365s] INFO:colcon.colcon_core.shell:Creating package script '/home/ane/colcon_ws/src/automated_planning/install/automated_planning/share/automated_planning/package.zsh'
[6.367s] Level 1:colcon.colcon_core.environment:create_file_with_runtime_dependencies(/home/ane/colcon_ws/src/automated_planning/install/automated_planning/share/colcon-core/packages/automated_planning)
[6.379s] DEBUG:colcon.colcon_parallel_executor.executor.parallel:closing loop
[6.380s] DEBUG:colcon.colcon_parallel_executor.executor.parallel:loop closed
[6.380s] DEBUG:colcon.colcon_parallel_executor.executor.parallel:run_until_complete finished with '1'
[6.380s] DEBUG:colcon.colcon_core.event_reactor:joining thread
[6.451s] INFO:colcon.colcon_core.plugin_system:Skipping extension 'colcon_notification.desktop_notification.terminal_notifier': Not used on non-Darwin systems
[6.451s] INFO:colcon.colcon_core.plugin_system:Skipping extension 'colcon_notification.desktop_notification.win32': Not used on non-Windows systems
[6.451s] INFO:colcon.colcon_notification.desktop_notification:Sending desktop notification using 'notify2'
[6.479s] DEBUG:colcon.colcon_core.event_reactor:joined thread
[6.535s] INFO:colcon.colcon_core.shell:Creating prefix script '/home/ane/colcon_ws/src/automated_planning/install/local_setup.ps1'
[6.537s] INFO:colcon.colcon_core.shell:Creating prefix util module '/home/ane/colcon_ws/src/automated_planning/install/_local_setup_util_ps1.py'
[6.540s] INFO:colcon.colcon_core.shell:Creating prefix chain script '/home/ane/colcon_ws/src/automated_planning/install/setup.ps1'
[6.591s] INFO:colcon.colcon_core.shell:Creating prefix script '/home/ane/colcon_ws/src/automated_planning/install/local_setup.sh'
[6.593s] INFO:colcon.colcon_core.shell:Creating prefix util module '/home/ane/colcon_ws/src/automated_planning/install/_local_setup_util_sh.py'
[6.593s] INFO:colcon.colcon_core.shell:Creating prefix chain script '/home/ane/colcon_ws/src/automated_planning/install/setup.sh'
[6.643s] INFO:colcon.colcon_core.shell:Creating prefix script '/home/ane/colcon_ws/src/automated_planning/install/local_setup.bash'
[6.644s] INFO:colcon.colcon_core.shell:Creating prefix chain script '/home/ane/colcon_ws/src/automated_planning/install/setup.bash'
[6.710s] INFO:colcon.colcon_core.shell:Creating prefix script '/home/ane/colcon_ws/src/automated_planning/install/local_setup.zsh'
[6.712s] INFO:colcon.colcon_core.shell:Creating prefix chain script '/home/ane/colcon_ws/src/automated_planning/install/setup.zsh'
